# JRE version: Java(TM) SE Runtime Environment (15.0.1+9) (build 15.0.1+9-18)
# Java VM: Java HotSpot(TM) 64-Bit Server VM (15.0.1+9-18, mixed mode, sharing, tiered, compressed oops, g1 gc, windows-amd64)
GC Precious Log:
 CPUs: 12 total, 12 available
 Memory: 16315M
 Large Page Support: Disabled
 NUMA Support: Disabled
 Compressed Oops: Enabled (Zero based)
 Heap Region Size: 2M
 Heap Min Capacity: 8M
 Heap Initial Capacity: 256M
 Heap Max Capacity: 4080M
 Pre-touch: Disabled
 Parallel Workers: 10
 Concurrent Workers: 3
 Concurrent Refinement Workers: 10
 Periodic GC: Disabled
Heap:
 garbage-first heap   total 145408K, used 2772K [0x0000000701000000, 0x0000000800000000)
  region size 2048K, 1 young (2048K), 1 survivors (2048K)
 Metaspace       used 351K, capacity 4499K, committed 4864K, reserved 1056768K
  class space    used 21K, capacity 389K, committed 512K, reserved 1048576K
GC Heap History (20 events):
Event: 2045.994 GC heap after
{Heap after GC invocations=137409 (full 0):
 garbage-first heap   total 28672K, used 2772K [0x0000000701000000, 0x0000000800000000)
  region size 2048K, 1 young (2048K), 1 survivors (2048K)
 Metaspace       used 351K, capacity 4499K, committed 4864K, reserved 1056768K
  class space    used 21K, capacity 389K, committed 512K, reserved 1048576K
}
Event: 2046.002 GC heap before
{Heap before GC invocations=137410 (full 0):
 garbage-first heap   total 28672K, used 6868K [0x0000000701000000, 0x0000000800000000)
  region size 2048K, 2 young (4096K), 1 survivors (2048K)
 Metaspace       used 351K, capacity 4499K, committed 4864K, reserved 1056768K
  class space    used 21K, capacity 389K, committed 512K, reserved 1048576K
}
Event: 2046.003 GC heap after
{Heap after GC invocations=137411 (full 0):
 garbage-first heap   total 28672K, used 2772K [0x0000000701000000, 0x0000000800000000)
  region size 2048K, 1 young (2048K), 1 survivors (2048K)
 Metaspace       used 351K, capacity 4499K, committed 4864K, reserved 1056768K
  class space    used 21K, capacity 389K, committed 512K, reserved 1048576K
}
Event: 2046.015 GC heap before
{Heap before GC invocations=137412 (full 0):
 garbage-first heap   total 28672K, used 6868K [0x0000000701000000, 0x0000000800000000)
  region size 2048K, 2 young (4096K), 1 survivors (2048K)
 Metaspace       used 351K, capacity 4499K, committed 4864K, reserved 1056768K
  class space    used 21K, capacity 389K, committed 512K, reserved 1048576K
}
Event: 2046.019 GC heap after
{Heap after GC invocations=137413 (full 0):
 garbage-first heap   total 145408K, used 2772K [0x0000000701000000, 0x0000000800000000)
  region size 2048K, 1 young (2048K), 1 survivors (2048K)
 Metaspace       used 351K, capacity 4499K, committed 4864K, reserved 1056768K
  class space    used 21K, capacity 389K, committed 512K, reserved 1048576K
}
Event: 2046.030 GC heap before
{Heap before GC invocations=137414 (full 0):
 garbage-first heap   total 28672K, used 6868K [0x0000000701000000, 0x0000000800000000)
  region size 2048K, 2 young (4096K), 1 survivors (2048K)
 Metaspace       used 351K, capacity 4499K, committed 4864K, reserved 1056768K
  class space    used 21K, capacity 389K, committed 512K, reserved 1048576K
}
Event: 2046.031 GC heap after
{Heap after GC invocations=137415 (full 0):
 garbage-first heap   total 28672K, used 2772K [0x0000000701000000, 0x0000000800000000)
  region size 2048K, 1 young (2048K), 1 survivors (2048K)
 Metaspace       used 351K, capacity 4499K, committed 4864K, reserved 1056768K
  class space    used 21K, capacity 389K, committed 512K, reserved 1048576K
}
Event: 2046.042 GC heap before
{Heap before GC invocations=137416 (full 0):
 garbage-first heap   total 28672K, used 6868K [0x0000000701000000, 0x0000000800000000)
  region size 2048K, 2 young (4096K), 1 survivors (2048K)
 Metaspace       used 351K, capacity 4499K, committed 4864K, reserved 1056768K
  class space    used 21K, capacity 389K, committed 512K, reserved 1048576K
}
Event: 2046.043 GC heap after
{Heap after GC invocations=137417 (full 0):
 garbage-first heap   total 28672K, used 2772K [0x0000000701000000, 0x0000000800000000)
  region size 2048K, 1 young (2048K), 1 survivors (2048K)
 Metaspace       used 351K, capacity 4499K, committed 4864K, reserved 1056768K
  class space    used 21K, capacity 389K, committed 512K, reserved 1048576K
}
Event: 2046.058 GC heap before
{Heap before GC invocations=137418 (full 0):
 garbage-first heap   total 28672K, used 6868K [0x0000000701000000, 0x0000000800000000)
  region size 2048K, 2 young (4096K), 1 survivors (2048K)
 Metaspace       used 351K, capacity 4499K, committed 4864K, reserved 1056768K
  class space    used 21K, capacity 389K, committed 512K, reserved 1048576K
}
Event: 2046.060 GC heap after
{Heap after GC invocations=137419 (full 0):
 garbage-first heap   total 28672K, used 2772K [0x0000000701000000, 0x0000000800000000)
  region size 2048K, 1 young (2048K), 1 survivors (2048K)
 Metaspace       used 351K, capacity 4499K, committed 4864K, reserved 1056768K
  class space    used 21K, capacity 389K, committed 512K, reserved 1048576K
}
Event: 2046.088 GC heap before
{Heap before GC invocations=137420 (full 0):
 garbage-first heap   total 28672K, used 8916K [0x0000000701000000, 0x0000000800000000)
  region size 2048K, 2 young (4096K), 1 survivors (2048K)
 Metaspace       used 351K, capacity 4499K, committed 4864K, reserved 1056768K
  class space    used 21K, capacity 389K, committed 512K, reserved 1048576K
}
Event: 2046.092 GC heap after
{Heap after GC invocations=137421 (full 0):
 garbage-first heap   total 145408K, used 2772K [0x0000000701000000, 0x0000000800000000)
  region size 2048K, 1 young (2048K), 1 survivors (2048K)
 Metaspace       used 351K, capacity 4499K, committed 4864K, reserved 1056768K
  class space    used 21K, capacity 389K, committed 512K, reserved 1048576K
}
Event: 2046.109 GC heap before
{Heap before GC invocations=137422 (full 0):
 garbage-first heap   total 28672K, used 8916K [0x0000000701000000, 0x0000000800000000)
  region size 2048K, 2 young (4096K), 1 survivors (2048K)
 Metaspace       used 351K, capacity 4499K, committed 4864K, reserved 1056768K
  class space    used 21K, capacity 389K, committed 512K, reserved 1048576K
}
Event: 2046.111 GC heap after
{Heap after GC invocations=137423 (full 0):
 garbage-first heap   total 28672K, used 2772K [0x0000000701000000, 0x0000000800000000)
  region size 2048K, 1 young (2048K), 1 survivors (2048K)
 Metaspace       used 351K, capacity 4499K, committed 4864K, reserved 1056768K
  class space    used 21K, capacity 389K, committed 512K, reserved 1048576K
}
Event: 2046.140 GC heap before
{Heap before GC invocations=137424 (full 0):
 garbage-first heap   total 28672K, used 8916K [0x0000000701000000, 0x0000000800000000)
  region size 2048K, 2 young (4096K), 1 survivors (2048K)
 Metaspace       used 351K, capacity 4499K, committed 4864K, reserved 1056768K
  class space    used 21K, capacity 389K, committed 512K, reserved 1048576K
}
Event: 2046.142 GC heap after
{Heap after GC invocations=137425 (full 0):
 garbage-first heap   total 28672K, used 2772K [0x0000000701000000, 0x0000000800000000)
  region size 2048K, 1 young (2048K), 1 survivors (2048K)
 Metaspace       used 351K, capacity 4499K, committed 4864K, reserved 1056768K
  class space    used 21K, capacity 389K, committed 512K, reserved 1048576K
}
Event: 2046.186 GC heap before
{Heap before GC invocations=137426 (full 0):
 garbage-first heap   total 28672K, used 8916K [0x0000000701000000, 0x0000000800000000)
  region size 2048K, 2 young (4096K), 1 survivors (2048K)
 Metaspace       used 351K, capacity 4499K, committed 4864K, reserved 1056768K
  class space    used 21K, capacity 389K, committed 512K, reserved 1048576K
}
Event: 2046.188 GC heap after
{Heap after GC invocations=137427 (full 0):
 garbage-first heap   total 28672K, used 2772K [0x0000000701000000, 0x0000000800000000)
  region size 2048K, 1 young (2048K), 1 survivors (2048K)
 Metaspace       used 351K, capacity 4499K, committed 4864K, reserved 1056768K
  class space    used 21K, capacity 389K, committed 512K, reserved 1048576K
}
Event: 2046.202 GC heap before
{Heap before GC invocations=137428 (full 0):
 garbage-first heap   total 28672K, used 6868K [0x0000000701000000, 0x0000000800000000)
  region size 2048K, 2 young (4096K), 1 survivors (2048K)
 Metaspace       used 351K, capacity 4499K, committed 4864K, reserved 1056768K
  class space    used 21K, capacity 389K, committed 512K, reserved 1048576K
}

